[0616/232254:ERROR:process_info.cc(608)] range at 0x338b3b2800000000, size 0x1b4 fully unreadable
[0616/232254:ERROR:process_info.cc(608)] range at 0x338b3b8a00000000, size 0x1b4 fully unreadable
[0616/232254:ERROR:process_info.cc(608)] range at 0x0, size 0x1b4 fully unreadable
[0616/232254:WARNING:in_range_cast.h(38)] value 1873470494724 out of range
[0616/232254:WARNING:in_range_cast.h(38)] value 1873470492286 out of range
[0616/232254:WARNING:in_range_cast.h(38)] value 1873470495024 out of range
[0616/232254:WARNING:in_range_cast.h(38)] value 1873470492626 out of range
[0616/232254:WARNING:in_range_cast.h(38)] value 1873471002000 out of range
[0616/234341:ERROR:process_info.cc(608)] range at 0x58883b2400000000, size 0x138 fully unreadable
[0616/234341:ERROR:process_info.cc(608)] range at 0x58883b8600000000, size 0x138 fully unreadable
[0616/234341:ERROR:process_info.cc(608)] range at 0x0, size 0x138 fully unreadable
[0616/234341:WARNING:in_range_cast.h(38)] value 1341515110404 out of range
[0616/234341:WARNING:in_range_cast.h(38)] value 1341515107966 out of range
[0616/234341:WARNING:in_range_cast.h(38)] value 1341515110704 out of range
[0616/234341:WARNING:in_range_cast.h(38)] value 1341515108306 out of range
[0616/234341:WARNING:in_range_cast.h(38)] value 1341515611824 out of range
[0617/011959:ERROR:process_info.cc(608)] range at 0x5ae13b2600000000, size 0x20b fully unreadable
[0617/011959:ERROR:process_info.cc(608)] range at 0x5ae13b8800000000, size 0x20b fully unreadable
[0617/011959:ERROR:process_info.cc(608)] range at 0x0, size 0x20b fully unreadable
[0617/011959:WARNING:in_range_cast.h(38)] value 2247792596996 out of range
[0617/011959:WARNING:in_range_cast.h(38)] value 2247792594558 out of range
[0617/011959:WARNING:in_range_cast.h(38)] value 2247792597296 out of range
[0617/011959:WARNING:in_range_cast.h(38)] value 2247792594898 out of range
[0617/011959:WARNING:in_range_cast.h(38)] value 2247793098368 out of range
[0617/014047:ERROR:process_info.cc(608)] range at 0xc58d3b2200000000, size 0x26f fully unreadable
[0617/014047:ERROR:process_info.cc(608)] range at 0xc58d3b8400000000, size 0x26f fully unreadable
[0617/014047:ERROR:process_info.cc(608)] range at 0x0, size 0x26f fully unreadable
[0617/014047:WARNING:in_range_cast.h(38)] value 2679078983684 out of range
[0617/014047:WARNING:in_range_cast.h(38)] value 2679078981246 out of range
[0617/014047:WARNING:in_range_cast.h(38)] value 2679078983984 out of range
[0617/014047:WARNING:in_range_cast.h(38)] value 2679078981586 out of range
[0617/014047:WARNING:in_range_cast.h(38)] value 2679079483040 out of range
[0617/014137:ERROR:process_info.cc(608)] range at 0xf4ce3b2800000000, size 0x20c fully unreadable
[0617/014137:ERROR:process_info.cc(608)] range at 0xf4ce3b8a00000000, size 0x20c fully unreadable
[0617/014137:ERROR:process_info.cc(608)] range at 0x0, size 0x20c fully unreadable
[0617/014137:WARNING:in_range_cast.h(38)] value 2254670010372 out of range
[0617/014137:WARNING:in_range_cast.h(38)] value 2254670007934 out of range
[0617/014137:WARNING:in_range_cast.h(38)] value 2254670010672 out of range
[0617/014137:WARNING:in_range_cast.h(38)] value 2254670008274 out of range
[0617/014137:WARNING:in_range_cast.h(38)] value 2254670518064 out of range
[0617/020011:ERROR:process_info.cc(608)] range at 0xb81c3b2200000000, size 0x200 fully unreadable
[0617/020011:ERROR:process_info.cc(608)] range at 0xb81c3b8400000000, size 0x200 fully unreadable
[0617/020011:ERROR:process_info.cc(608)] range at 0x0, size 0x200 fully unreadable
[0617/020011:WARNING:in_range_cast.h(38)] value 2202112104452 out of range
[0617/020011:WARNING:in_range_cast.h(38)] value 2202112102014 out of range
[0617/020011:WARNING:in_range_cast.h(38)] value 2202112104752 out of range
[0617/020011:WARNING:in_range_cast.h(38)] value 2202112102354 out of range
[0617/020011:WARNING:in_range_cast.h(38)] value 2202112605872 out of range
[0617/020035:ERROR:process_info.cc(608)] range at 0x53113b2200000000, size 0x1bd fully unreadable
[0617/020035:ERROR:process_info.cc(608)] range at 0x53113b8400000000, size 0x1bd fully unreadable
[0617/020035:ERROR:process_info.cc(608)] range at 0x0, size 0x1bd fully unreadable
[0617/020035:WARNING:in_range_cast.h(38)] value 1912654075908 out of range
[0617/020035:WARNING:in_range_cast.h(38)] value 1912654073470 out of range
[0617/020035:WARNING:in_range_cast.h(38)] value 1912654076208 out of range
[0617/020035:WARNING:in_range_cast.h(38)] value 1912654073810 out of range
[0617/020035:WARNING:in_range_cast.h(38)] value 1912654577328 out of range
[0617/020441:ERROR:process_info.cc(608)] range at 0x7e343b2600000000, size 0x20f fully unreadable
[0617/020441:ERROR:process_info.cc(608)] range at 0x7e343b8800000000, size 0x20f fully unreadable
[0617/020441:ERROR:process_info.cc(608)] range at 0x0, size 0x20f fully unreadable
[0617/020441:WARNING:in_range_cast.h(38)] value 2265565108228 out of range
[0617/020441:WARNING:in_range_cast.h(38)] value 2265565105790 out of range
[0617/020441:WARNING:in_range_cast.h(38)] value 2265565108528 out of range
[0617/020441:WARNING:in_range_cast.h(38)] value 2265565106130 out of range
[0617/020441:WARNING:in_range_cast.h(38)] value 2265565609648 out of range
[0617/020703:ERROR:process_info.cc(608)] range at 0x7ccb3b2600000000, size 0x195 fully unreadable
[0617/020703:ERROR:process_info.cc(608)] range at 0x7ccb3b8800000000, size 0x195 fully unreadable
[0617/020703:ERROR:process_info.cc(608)] range at 0x0, size 0x195 fully unreadable
[0617/020703:WARNING:in_range_cast.h(38)] value 1741555439620 out of range
[0617/020703:WARNING:in_range_cast.h(38)] value 1741555437182 out of range
[0617/020703:WARNING:in_range_cast.h(38)] value 1741555439920 out of range
[0617/020703:WARNING:in_range_cast.h(38)] value 1741555437522 out of range
[0617/020703:WARNING:in_range_cast.h(38)] value 1741555940992 out of range
[0617/025029:ERROR:process_info.cc(608)] range at 0x53073b4600000000, size 0x221 fully unreadable
[0617/025029:ERROR:process_info.cc(608)] range at 0x53073ba800000000, size 0x221 fully unreadable
[0617/025029:ERROR:process_info.cc(608)] range at 0x0, size 0x221 fully unreadable
[0617/025029:WARNING:in_range_cast.h(38)] value 2342150150148 out of range
[0617/025029:WARNING:in_range_cast.h(38)] value 2342150147710 out of range
[0617/025029:WARNING:in_range_cast.h(38)] value 2342150150448 out of range
[0617/025029:WARNING:in_range_cast.h(38)] value 2342150148050 out of range
[0617/025029:WARNING:in_range_cast.h(38)] value 2342150654288 out of range
[0617/031648:ERROR:process_info.cc(608)] range at 0xfc2b3b4c00000000, size 0x18d fully unreadable
[0617/031648:ERROR:process_info.cc(608)] range at 0xfc2b3bae00000000, size 0x18d fully unreadable
[0617/031648:ERROR:process_info.cc(608)] range at 0x0, size 0x18d fully unreadable
[0617/031648:WARNING:in_range_cast.h(38)] value 1709332699140 out of range
[0617/031648:WARNING:in_range_cast.h(38)] value 1709332696702 out of range
[0617/031648:WARNING:in_range_cast.h(38)] value 1709332699440 out of range
[0617/031648:WARNING:in_range_cast.h(38)] value 1709332697042 out of range
[0617/031648:WARNING:in_range_cast.h(38)] value 1709333203840 out of range
[0617/033615:ERROR:process_info.cc(608)] range at 0x6a483b4c00000000, size 0x1d1 fully unreadable
[0617/033615:ERROR:process_info.cc(608)] range at 0x6a483bae00000000, size 0x1d1 fully unreadable
[0617/033615:ERROR:process_info.cc(608)] range at 0x0, size 0x1d1 fully unreadable
[0617/033615:ERROR:process_reader_win.cc(141)] SuspendThread: Access is denied. (0x5)
[0617/033615:ERROR:exception_snapshot_win.cc(57)] thread ID 5788 not found in process
[0617/033615:WARNING:crash_report_exception_handler.cc(60)] ProcessSnapshotWin::InitializeException failed
[0617/033615:ERROR:scoped_process_suspend.cc(38)] NtResumeProcess, ntstatus=-1073741558
[0617/035827:ERROR:process_info.cc(608)] range at 0x4ef33b2200000000, size 0x20c fully unreadable
[0617/035827:ERROR:process_info.cc(608)] range at 0x4ef33b8400000000, size 0x20c fully unreadable
[0617/035827:ERROR:process_info.cc(608)] range at 0x0, size 0x20c fully unreadable
[0617/035828:WARNING:in_range_cast.h(38)] value 2251887417348 out of range
[0617/035828:WARNING:in_range_cast.h(38)] value 2251887414910 out of range
[0617/035828:WARNING:in_range_cast.h(38)] value 2251887417648 out of range
[0617/035828:WARNING:in_range_cast.h(38)] value 2251887415250 out of range
[0617/035828:WARNING:in_range_cast.h(38)] value 2251887916704 out of range
[0617/052010:ERROR:process_info.cc(608)] range at 0x1b3b3b2400000000, size 0x214 fully unreadable
[0617/052010:ERROR:process_info.cc(608)] range at 0x1b3b3b8600000000, size 0x214 fully unreadable
[0617/052010:ERROR:process_info.cc(608)] range at 0x0, size 0x214 fully unreadable
[0617/052011:WARNING:in_range_cast.h(38)] value 2285379459076 out of range
[0617/052011:WARNING:in_range_cast.h(38)] value 2285379456638 out of range
[0617/052011:WARNING:in_range_cast.h(38)] value 2285379459376 out of range
[0617/052011:WARNING:in_range_cast.h(38)] value 2285379456978 out of range
[0617/052011:WARNING:in_range_cast.h(38)] value 2285379955376 out of range
[0617/052300:ERROR:process_info.cc(608)] range at 0x74913b2600000000, size 0x1d7 fully unreadable
[0617/052300:ERROR:process_info.cc(608)] range at 0x74913b8800000000, size 0x1d7 fully unreadable
[0617/052300:ERROR:process_info.cc(608)] range at 0x0, size 0x1d7 fully unreadable
[0617/052300:WARNING:in_range_cast.h(38)] value 2024885262340 out of range
[0617/052300:WARNING:in_range_cast.h(38)] value 2024885259902 out of range
[0617/052300:WARNING:in_range_cast.h(38)] value 2024885262640 out of range
[0617/052300:WARNING:in_range_cast.h(38)] value 2024885260242 out of range
[0617/052300:WARNING:in_range_cast.h(38)] value 2024885769616 out of range
[0617/060802:ERROR:process_info.cc(608)] range at 0x68f73b2400000000, size 0x1da fully unreadable
[0617/060802:ERROR:process_info.cc(608)] range at 0x68f73b8600000000, size 0x1da fully unreadable
[0617/060802:ERROR:process_info.cc(608)] range at 0x0, size 0x1da fully unreadable
[0617/060802:WARNING:in_range_cast.h(38)] value 2037575522308 out of range
[0617/060802:WARNING:in_range_cast.h(38)] value 2037575519870 out of range
[0617/060802:WARNING:in_range_cast.h(38)] value 2037575522608 out of range
[0617/060802:WARNING:in_range_cast.h(38)] value 2037575520210 out of range
[0617/060802:WARNING:in_range_cast.h(38)] value 2037576018656 out of range
[0617/071952:ERROR:process_info.cc(608)] range at 0x37cf3b2600000000, size 0x14a fully unreadable
[0617/071952:ERROR:process_info.cc(608)] range at 0x37cf3b8800000000, size 0x14a fully unreadable
[0617/071952:ERROR:process_info.cc(608)] range at 0x0, size 0x14a fully unreadable
[0617/071952:WARNING:in_range_cast.h(38)] value 1418275526660 out of range
[0617/071952:WARNING:in_range_cast.h(38)] value 1418275524222 out of range
[0617/071952:WARNING:in_range_cast.h(38)] value 1418275526960 out of range
[0617/071952:WARNING:in_range_cast.h(38)] value 1418275524562 out of range
[0617/071952:WARNING:in_range_cast.h(38)] value 1418276022960 out of range
[0617/072110:ERROR:process_info.cc(608)] range at 0xc7c23b2600000000, size 0x21a fully unreadable
[0617/072110:ERROR:process_info.cc(608)] range at 0xc7c23b8800000000, size 0x21a fully unreadable
[0617/072110:ERROR:process_info.cc(608)] range at 0x0, size 0x21a fully unreadable
[0617/072110:WARNING:in_range_cast.h(38)] value 2314043791364 out of range
[0617/072110:WARNING:in_range_cast.h(38)] value 2314043788926 out of range
[0617/072110:WARNING:in_range_cast.h(38)] value 2314043791664 out of range
[0617/072110:WARNING:in_range_cast.h(38)] value 2314043789266 out of range
[0617/072110:WARNING:in_range_cast.h(38)] value 2314044290672 out of range
[0617/072200:ERROR:process_info.cc(608)] range at 0xcf223b2800000000, size 0x23e fully unreadable
[0617/072200:ERROR:process_info.cc(608)] range at 0xcf223b8a00000000, size 0x23e fully unreadable
[0617/072200:ERROR:process_info.cc(608)] range at 0x0, size 0x23e fully unreadable
[0617/072200:WARNING:in_range_cast.h(38)] value 2468786345988 out of range
[0617/072200:WARNING:in_range_cast.h(38)] value 2468786343550 out of range
[0617/072200:WARNING:in_range_cast.h(38)] value 2468786346288 out of range
[0617/072200:WARNING:in_range_cast.h(38)] value 2468786343890 out of range
[0617/072200:WARNING:in_range_cast.h(38)] value 2468786855264 out of range
